<?xml version="1.0" encoding="UTF-8"?>
<robot generator="Robot 6.0.2 (Python 3.11.4 on win32)" generated="20230609 14:17:35.297" rpa="false" schemaversion="3">
<suite id="s1" name="Login Fail3" source="D:\workshop-robot-20230608\login_fail3.robot">
<kw name="เข้าไปยังหน้า Login" type="SETUP">
<kw name="Open Browser" library="SeleniumLibrary">
<arg>https://demo-login-workshop.vercel.app/</arg>
<arg>browser=gc</arg>
<arg>options=add_experimental_option("detach", True)</arg>
<doc>Opens a new browser instance to the optional ``url``.</doc>
<msg timestamp="20230609 14:17:35.436" level="INFO">Opening browser 'gc' to base url 'https://demo-login-workshop.vercel.app/'.</msg>
<msg timestamp="20230609 14:17:35.446" level="INFO">Executing: C:\Users\Administrator\AppData\Local\Programs\Python\Python311\Lib\site-packages\selenium\webdriver\common\windows\selenium-manager.exe --browser chrome --output json</msg>
<status status="PASS" starttime="20230609 14:17:35.435" endtime="20230609 14:17:36.787"/>
</kw>
<kw name="Maximize Browser Window" library="SeleniumLibrary">
<doc>Maximizes current browser window.</doc>
<status status="PASS" starttime="20230609 14:17:36.787" endtime="20230609 14:17:36.896"/>
</kw>
<status status="PASS" starttime="20230609 14:17:35.435" endtime="20230609 14:17:36.896"/>
</kw>
<test id="s1-t1" name="Wrong username" line="12">
<kw name="Template for login failed">
<arg>demo2</arg>
<arg>mode</arg>
<kw name="ทำการกรอกข้อมูล user=${username} และ password=${password}" sourcename="ทำการกรอกข้อมูล user=${username} และ password=${password}">
<kw name="Input Text" library="SeleniumLibrary">
<arg>id:username_field</arg>
<arg>${username}</arg>
<doc>Types the given ``text`` into the text field identified by ``locator``.</doc>
<msg timestamp="20230609 14:17:36.897" level="INFO">Typing text 'demo2' into text field 'id:username_field'.</msg>
<status status="PASS" starttime="20230609 14:17:36.897" endtime="20230609 14:17:36.968"/>
</kw>
<kw name="Input Text" library="SeleniumLibrary">
<arg>id:password_field</arg>
<arg>${password}</arg>
<doc>Types the given ``text`` into the text field identified by ``locator``.</doc>
<msg timestamp="20230609 14:17:36.969" level="INFO">Typing text 'mode' into text field 'id:password_field'.</msg>
<status status="PASS" starttime="20230609 14:17:36.968" endtime="20230609 14:17:37.013"/>
</kw>
<kw name="Click Element" library="SeleniumLibrary">
<arg>id:login_button</arg>
<doc>Click the element identified by ``locator``.</doc>
<msg timestamp="20230609 14:17:37.014" level="INFO">Clicking element 'id:login_button'.</msg>
<status status="PASS" starttime="20230609 14:17:37.013" endtime="20230609 14:17:37.147"/>
</kw>
<status status="PASS" starttime="20230609 14:17:36.897" endtime="20230609 14:17:37.147"/>
</kw>
<kw name="ผลการ login ผิดพลาด แสดงหน้า error">
<kw name="Wait Until Element Contains" library="SeleniumLibrary">
<arg>xpath://*[@id="container"]/h1</arg>
<arg>Error Page</arg>
<doc>Waits until the element ``locator`` contains ``text``.</doc>
<status status="PASS" starttime="20230609 14:17:37.148" endtime="20230609 14:17:37.169"/>
</kw>
<kw name="Element Should Contain" library="SeleniumLibrary">
<arg>xpath://*[@id="container"]/p</arg>
<arg>Login failed. Invalid user name and/or password.</arg>
<doc>Verifies that element ``locator`` contains text ``expected``.</doc>
<msg timestamp="20230609 14:17:37.180" level="INFO">Element 'xpath://*[@id="container"]/p' contains text 'Login failed. Invalid user name and/or password.'.</msg>
<status status="PASS" starttime="20230609 14:17:37.169" endtime="20230609 14:17:37.180"/>
</kw>
<status status="PASS" starttime="20230609 14:17:37.148" endtime="20230609 14:17:37.180"/>
</kw>
<status status="PASS" starttime="20230609 14:17:36.896" endtime="20230609 14:17:37.180"/>
</kw>
<kw name="กลับไปยังหน้าแรก" type="TEARDOWN">
<kw name="Go To" library="SeleniumLibrary">
<arg>https://demo-login-workshop.vercel.app/</arg>
<doc>Navigates the current browser window to the provided ``url``.</doc>
<msg timestamp="20230609 14:17:37.181" level="INFO">Opening url 'https://demo-login-workshop.vercel.app/'</msg>
<status status="PASS" starttime="20230609 14:17:37.181" endtime="20230609 14:17:37.289"/>
</kw>
<status status="PASS" starttime="20230609 14:17:37.181" endtime="20230609 14:17:37.289"/>
</kw>
<status status="PASS" starttime="20230609 14:17:36.896" endtime="20230609 14:17:37.289"/>
</test>
<test id="s1-t2" name="Wrong username" line="13">
<kw name="Template for login failed">
<arg>demo</arg>
<arg>mode2</arg>
<kw name="ทำการกรอกข้อมูล user=${username} และ password=${password}" sourcename="ทำการกรอกข้อมูล user=${username} และ password=${password}">
<kw name="Input Text" library="SeleniumLibrary">
<arg>id:username_field</arg>
<arg>${username}</arg>
<doc>Types the given ``text`` into the text field identified by ``locator``.</doc>
<msg timestamp="20230609 14:17:37.292" level="INFO">Typing text 'demo' into text field 'id:username_field'.</msg>
<status status="PASS" starttime="20230609 14:17:37.291" endtime="20230609 14:17:37.339"/>
</kw>
<kw name="Input Text" library="SeleniumLibrary">
<arg>id:password_field</arg>
<arg>${password}</arg>
<doc>Types the given ``text`` into the text field identified by ``locator``.</doc>
<msg timestamp="20230609 14:17:37.339" level="INFO">Typing text 'mode2' into text field 'id:password_field'.</msg>
<status status="PASS" starttime="20230609 14:17:37.339" endtime="20230609 14:17:37.380"/>
</kw>
<kw name="Click Element" library="SeleniumLibrary">
<arg>id:login_button</arg>
<doc>Click the element identified by ``locator``.</doc>
<msg timestamp="20230609 14:17:37.381" level="INFO">Clicking element 'id:login_button'.</msg>
<status status="PASS" starttime="20230609 14:17:37.381" endtime="20230609 14:17:37.505"/>
</kw>
<status status="PASS" starttime="20230609 14:17:37.291" endtime="20230609 14:17:37.505"/>
</kw>
<kw name="ผลการ login ผิดพลาด แสดงหน้า error">
<kw name="Wait Until Element Contains" library="SeleniumLibrary">
<arg>xpath://*[@id="container"]/h1</arg>
<arg>Error Page</arg>
<doc>Waits until the element ``locator`` contains ``text``.</doc>
<status status="PASS" starttime="20230609 14:17:37.506" endtime="20230609 14:17:37.514"/>
</kw>
<kw name="Element Should Contain" library="SeleniumLibrary">
<arg>xpath://*[@id="container"]/p</arg>
<arg>Login failed. Invalid user name and/or password.</arg>
<doc>Verifies that element ``locator`` contains text ``expected``.</doc>
<msg timestamp="20230609 14:17:37.523" level="INFO">Element 'xpath://*[@id="container"]/p' contains text 'Login failed. Invalid user name and/or password.'.</msg>
<status status="PASS" starttime="20230609 14:17:37.514" endtime="20230609 14:17:37.524"/>
</kw>
<status status="PASS" starttime="20230609 14:17:37.505" endtime="20230609 14:17:37.524"/>
</kw>
<status status="PASS" starttime="20230609 14:17:37.291" endtime="20230609 14:17:37.524"/>
</kw>
<kw name="กลับไปยังหน้าแรก" type="TEARDOWN">
<kw name="Go To" library="SeleniumLibrary">
<arg>https://demo-login-workshop.vercel.app/</arg>
<doc>Navigates the current browser window to the provided ``url``.</doc>
<msg timestamp="20230609 14:17:37.524" level="INFO">Opening url 'https://demo-login-workshop.vercel.app/'</msg>
<status status="PASS" starttime="20230609 14:17:37.524" endtime="20230609 14:17:37.629"/>
</kw>
<status status="PASS" starttime="20230609 14:17:37.524" endtime="20230609 14:17:37.629"/>
</kw>
<status status="PASS" starttime="20230609 14:17:37.290" endtime="20230609 14:17:37.630"/>
</test>
<test id="s1-t3" name="Wrong username and password" line="14">
<kw name="Template for login failed">
<arg>demo2</arg>
<arg>mode2</arg>
<kw name="ทำการกรอกข้อมูล user=${username} และ password=${password}" sourcename="ทำการกรอกข้อมูล user=${username} และ password=${password}">
<kw name="Input Text" library="SeleniumLibrary">
<arg>id:username_field</arg>
<arg>${username}</arg>
<doc>Types the given ``text`` into the text field identified by ``locator``.</doc>
<msg timestamp="20230609 14:17:37.631" level="INFO">Typing text 'demo2' into text field 'id:username_field'.</msg>
<status status="PASS" starttime="20230609 14:17:37.631" endtime="20230609 14:17:37.674"/>
</kw>
<kw name="Input Text" library="SeleniumLibrary">
<arg>id:password_field</arg>
<arg>${password}</arg>
<doc>Types the given ``text`` into the text field identified by ``locator``.</doc>
<msg timestamp="20230609 14:17:37.674" level="INFO">Typing text 'mode2' into text field 'id:password_field'.</msg>
<status status="PASS" starttime="20230609 14:17:37.674" endtime="20230609 14:17:37.716"/>
</kw>
<kw name="Click Element" library="SeleniumLibrary">
<arg>id:login_button</arg>
<doc>Click the element identified by ``locator``.</doc>
<msg timestamp="20230609 14:17:37.716" level="INFO">Clicking element 'id:login_button'.</msg>
<status status="PASS" starttime="20230609 14:17:37.716" endtime="20230609 14:17:37.847"/>
</kw>
<status status="PASS" starttime="20230609 14:17:37.631" endtime="20230609 14:17:37.847"/>
</kw>
<kw name="ผลการ login ผิดพลาด แสดงหน้า error">
<kw name="Wait Until Element Contains" library="SeleniumLibrary">
<arg>xpath://*[@id="container"]/h1</arg>
<arg>Error Page</arg>
<doc>Waits until the element ``locator`` contains ``text``.</doc>
<status status="PASS" starttime="20230609 14:17:37.848" endtime="20230609 14:17:37.858"/>
</kw>
<kw name="Element Should Contain" library="SeleniumLibrary">
<arg>xpath://*[@id="container"]/p</arg>
<arg>Login failed. Invalid user name and/or password.</arg>
<doc>Verifies that element ``locator`` contains text ``expected``.</doc>
<msg timestamp="20230609 14:17:37.866" level="INFO">Element 'xpath://*[@id="container"]/p' contains text 'Login failed. Invalid user name and/or password.'.</msg>
<status status="PASS" starttime="20230609 14:17:37.858" endtime="20230609 14:17:37.866"/>
</kw>
<status status="PASS" starttime="20230609 14:17:37.847" endtime="20230609 14:17:37.866"/>
</kw>
<status status="PASS" starttime="20230609 14:17:37.631" endtime="20230609 14:17:37.866"/>
</kw>
<kw name="กลับไปยังหน้าแรก" type="TEARDOWN">
<kw name="Go To" library="SeleniumLibrary">
<arg>https://demo-login-workshop.vercel.app/</arg>
<doc>Navigates the current browser window to the provided ``url``.</doc>
<msg timestamp="20230609 14:17:37.867" level="INFO">Opening url 'https://demo-login-workshop.vercel.app/'</msg>
<status status="PASS" starttime="20230609 14:17:37.867" endtime="20230609 14:17:37.972"/>
</kw>
<status status="PASS" starttime="20230609 14:17:37.867" endtime="20230609 14:17:37.972"/>
</kw>
<status status="PASS" starttime="20230609 14:17:37.630" endtime="20230609 14:17:37.973"/>
</test>
<test id="s1-t4" name="Empty username" line="15">
<kw name="Template for login failed">
<arg>${EMPTY}</arg>
<arg>mode</arg>
<kw name="ทำการกรอกข้อมูล user=${username} และ password=${password}" sourcename="ทำการกรอกข้อมูล user=${username} และ password=${password}">
<kw name="Input Text" library="SeleniumLibrary">
<arg>id:username_field</arg>
<arg>${username}</arg>
<doc>Types the given ``text`` into the text field identified by ``locator``.</doc>
<msg timestamp="20230609 14:17:37.974" level="INFO">Typing text '' into text field 'id:username_field'.</msg>
<status status="PASS" starttime="20230609 14:17:37.974" endtime="20230609 14:17:38.014"/>
</kw>
<kw name="Input Text" library="SeleniumLibrary">
<arg>id:password_field</arg>
<arg>${password}</arg>
<doc>Types the given ``text`` into the text field identified by ``locator``.</doc>
<msg timestamp="20230609 14:17:38.014" level="INFO">Typing text 'mode' into text field 'id:password_field'.</msg>
<status status="PASS" starttime="20230609 14:17:38.014" endtime="20230609 14:17:38.054"/>
</kw>
<kw name="Click Element" library="SeleniumLibrary">
<arg>id:login_button</arg>
<doc>Click the element identified by ``locator``.</doc>
<msg timestamp="20230609 14:17:38.054" level="INFO">Clicking element 'id:login_button'.</msg>
<status status="PASS" starttime="20230609 14:17:38.054" endtime="20230609 14:17:38.177"/>
</kw>
<status status="PASS" starttime="20230609 14:17:37.974" endtime="20230609 14:17:38.177"/>
</kw>
<kw name="ผลการ login ผิดพลาด แสดงหน้า error">
<kw name="Wait Until Element Contains" library="SeleniumLibrary">
<arg>xpath://*[@id="container"]/h1</arg>
<arg>Error Page</arg>
<doc>Waits until the element ``locator`` contains ``text``.</doc>
<status status="PASS" starttime="20230609 14:17:38.178" endtime="20230609 14:17:38.189"/>
</kw>
<kw name="Element Should Contain" library="SeleniumLibrary">
<arg>xpath://*[@id="container"]/p</arg>
<arg>Login failed. Invalid user name and/or password.</arg>
<doc>Verifies that element ``locator`` contains text ``expected``.</doc>
<msg timestamp="20230609 14:17:38.197" level="INFO">Element 'xpath://*[@id="container"]/p' contains text 'Login failed. Invalid user name and/or password.'.</msg>
<status status="PASS" starttime="20230609 14:17:38.189" endtime="20230609 14:17:38.197"/>
</kw>
<status status="PASS" starttime="20230609 14:17:38.177" endtime="20230609 14:17:38.197"/>
</kw>
<status status="PASS" starttime="20230609 14:17:37.973" endtime="20230609 14:17:38.197"/>
</kw>
<kw name="กลับไปยังหน้าแรก" type="TEARDOWN">
<kw name="Go To" library="SeleniumLibrary">
<arg>https://demo-login-workshop.vercel.app/</arg>
<doc>Navigates the current browser window to the provided ``url``.</doc>
<msg timestamp="20230609 14:17:38.198" level="INFO">Opening url 'https://demo-login-workshop.vercel.app/'</msg>
<status status="PASS" starttime="20230609 14:17:38.198" endtime="20230609 14:17:38.305"/>
</kw>
<status status="PASS" starttime="20230609 14:17:38.198" endtime="20230609 14:17:38.305"/>
</kw>
<status status="PASS" starttime="20230609 14:17:37.973" endtime="20230609 14:17:38.306"/>
</test>
<test id="s1-t5" name="Empty password" line="16">
<kw name="Template for login failed">
<arg>mode</arg>
<arg>${EMPTY}</arg>
<kw name="ทำการกรอกข้อมูล user=${username} และ password=${password}" sourcename="ทำการกรอกข้อมูล user=${username} และ password=${password}">
<kw name="Input Text" library="SeleniumLibrary">
<arg>id:username_field</arg>
<arg>${username}</arg>
<doc>Types the given ``text`` into the text field identified by ``locator``.</doc>
<msg timestamp="20230609 14:17:38.308" level="INFO">Typing text 'mode' into text field 'id:username_field'.</msg>
<status status="PASS" starttime="20230609 14:17:38.307" endtime="20230609 14:17:38.352"/>
</kw>
<kw name="Input Text" library="SeleniumLibrary">
<arg>id:password_field</arg>
<arg>${password}</arg>
<doc>Types the given ``text`` into the text field identified by ``locator``.</doc>
<msg timestamp="20230609 14:17:38.352" level="INFO">Typing text '' into text field 'id:password_field'.</msg>
<status status="PASS" starttime="20230609 14:17:38.352" endtime="20230609 14:17:38.391"/>
</kw>
<kw name="Click Element" library="SeleniumLibrary">
<arg>id:login_button</arg>
<doc>Click the element identified by ``locator``.</doc>
<msg timestamp="20230609 14:17:38.391" level="INFO">Clicking element 'id:login_button'.</msg>
<status status="PASS" starttime="20230609 14:17:38.391" endtime="20230609 14:17:38.605"/>
</kw>
<status status="PASS" starttime="20230609 14:17:38.307" endtime="20230609 14:17:38.605"/>
</kw>
<kw name="ผลการ login ผิดพลาด แสดงหน้า error">
<kw name="Wait Until Element Contains" library="SeleniumLibrary">
<arg>xpath://*[@id="container"]/h1</arg>
<arg>Error Page</arg>
<doc>Waits until the element ``locator`` contains ``text``.</doc>
<status status="PASS" starttime="20230609 14:17:38.605" endtime="20230609 14:17:38.616"/>
</kw>
<kw name="Element Should Contain" library="SeleniumLibrary">
<arg>xpath://*[@id="container"]/p</arg>
<arg>Login failed. Invalid user name and/or password.</arg>
<doc>Verifies that element ``locator`` contains text ``expected``.</doc>
<msg timestamp="20230609 14:17:38.624" level="INFO">Element 'xpath://*[@id="container"]/p' contains text 'Login failed. Invalid user name and/or password.'.</msg>
<status status="PASS" starttime="20230609 14:17:38.616" endtime="20230609 14:17:38.624"/>
</kw>
<status status="PASS" starttime="20230609 14:17:38.605" endtime="20230609 14:17:38.624"/>
</kw>
<status status="PASS" starttime="20230609 14:17:38.307" endtime="20230609 14:17:38.624"/>
</kw>
<kw name="กลับไปยังหน้าแรก" type="TEARDOWN">
<kw name="Go To" library="SeleniumLibrary">
<arg>https://demo-login-workshop.vercel.app/</arg>
<doc>Navigates the current browser window to the provided ``url``.</doc>
<msg timestamp="20230609 14:17:38.625" level="INFO">Opening url 'https://demo-login-workshop.vercel.app/'</msg>
<status status="PASS" starttime="20230609 14:17:38.625" endtime="20230609 14:17:38.833"/>
</kw>
<status status="PASS" starttime="20230609 14:17:38.625" endtime="20230609 14:17:38.834"/>
</kw>
<status status="PASS" starttime="20230609 14:17:38.306" endtime="20230609 14:17:38.834"/>
</test>
<kw name="Close Browser" library="SeleniumLibrary" type="TEARDOWN">
<doc>Closes the current browser.</doc>
<status status="PASS" starttime="20230609 14:17:38.835" endtime="20230609 14:17:40.877"/>
</kw>
<status status="PASS" starttime="20230609 14:17:35.298" endtime="20230609 14:17:40.877"/>
</suite>
<statistics>
<total>
<stat pass="5" fail="0" skip="0">All Tests</stat>
</total>
<tag>
</tag>
<suite>
<stat pass="5" fail="0" skip="0" id="s1" name="Login Fail3">Login Fail3</stat>
</suite>
</statistics>
<errors>
<msg timestamp="20230609 14:17:37.290" level="WARN">Multiple tests with name 'Wrong username' executed in suite 'Login Fail3'.</msg>
</errors>
</robot>
